2026-05-05 14:50:31,002 WARNING database DDL Query made to DB:
ALTER TABLE `tabLeave Encashment` MODIFY `encashment_days` decimal(21,9) not null default 0, MODIFY `encashment_amount` decimal(21,9) not null default 0, MODIFY `actual_encashable_days` decimal(21,9) not null default 0, MODIFY `leave_balance` decimal(21,9) not null default 0
2026-05-05 14:50:31,130 WARNING database DDL Query made to DB:
create table `tabJob Opening Template` (
			name varchar(140) primary key,
			creation datetime(6),
			modified datetime(6),
			modified_by varchar(140),
			owner varchar(140),
			docstatus int(1) not null default '0',
			idx int(8) not null default '0',
			`template_title` varchar(140) unique,
`department` varchar(140),
`employment_type` varchar(140),
`location` varchar(140),
`description` longtext,
`_user_tags` text,
`_comments` text,
`_assign` text,
`_liked_by` text,
index modified(modified))
			ENGINE=InnoDB
			ROW_FORMAT=DYNAMIC
			CHARACTER SET=utf8mb4
			COLLATE=utf8mb4_unicode_ci
2026-05-05 14:50:31,264 WARNING database DDL Query made to DB:
ALTER TABLE `tabAppraisal Template Goal` MODIFY `per_weightage` decimal(21,9) not null default 0
2026-05-05 14:50:31,342 WARNING database DDL Query made to DB:
ALTER TABLE `tabInterview Round` MODIFY `expected_average_rating` decimal(3,2)
2026-05-05 14:50:31,566 WARNING database DDL Query made to DB:
ALTER TABLE `tabEmployee Skill` MODIFY `proficiency` decimal(3,2)
2026-05-05 14:50:31,665 WARNING database DDL Query made to DB:
ALTER TABLE `tabAppraisal KRA` MODIFY `goal_score` decimal(21,2) not null default 0, MODIFY `goal_completion` decimal(21,2) not null default 0, MODIFY `per_weightage` decimal(21,9) not null default 0
2026-05-05 14:50:31,772 WARNING database DDL Query made to DB:
ALTER TABLE `tabStaffing Plan Detail` MODIFY `total_estimated_cost` decimal(21,9) not null default 0, MODIFY `estimated_cost_per_position` decimal(21,9) not null default 0
2026-05-05 14:50:31,923 WARNING database DDL Query made to DB:
ALTER TABLE `tabJob Applicant` MODIFY `applicant_rating` decimal(3,2), MODIFY `lower_range` decimal(21,0) not null default 0, MODIFY `upper_range` decimal(21,0) not null default 0
2026-05-05 14:50:32,144 WARNING database DDL Query made to DB:
ALTER TABLE `tabEmployee Onboarding` ADD INDEX `creation`(`creation`)
2026-05-05 14:50:32,365 WARNING database DDL Query made to DB:
ALTER TABLE `tabAttendance Request` ADD INDEX `creation`(`creation`)
2026-05-05 14:50:32,611 WARNING database DDL Query made to DB:
ALTER TABLE `tabShift Type` MODIFY `working_hours_threshold_for_absent` decimal(21,2) not null default 0, MODIFY `working_hours_threshold_for_half_day` decimal(21,2) not null default 0
2026-05-05 14:50:32,620 WARNING database DDL Query made to DB:
ALTER TABLE `tabShift Type` ADD INDEX `creation`(`creation`)
2026-05-05 14:50:32,774 WARNING database DDL Query made to DB:
ALTER TABLE `tabEmployee Checkin` MODIFY `longitude` decimal(21,7) not null default 0, MODIFY `latitude` decimal(21,7) not null default 0
2026-05-05 14:50:32,928 WARNING database DDL Query made to DB:
ALTER TABLE `tabShift Schedule Assignment` ADD INDEX `creation`(`creation`)
2026-05-05 14:50:33,112 WARNING database DDL Query made to DB:
ALTER TABLE `tabLeave Application` MODIFY `leave_balance` decimal(21,9) not null default 0, MODIFY `total_leave_days` decimal(21,1) not null default 0
2026-05-05 14:50:33,335 WARNING database DDL Query made to DB:
ALTER TABLE `tabJob Opening` ADD COLUMN `job_opening_template` varchar(140)
2026-05-05 14:50:33,353 WARNING database DDL Query made to DB:
ALTER TABLE `tabJob Opening` MODIFY `upper_range` decimal(21,0) not null default 0, MODIFY `lower_range` decimal(21,0) not null default 0
2026-05-05 14:50:33,362 WARNING database DDL Query made to DB:
ALTER TABLE `tabJob Opening` ADD INDEX `creation`(`creation`)
2026-05-05 14:50:33,904 WARNING database DDL Query made to DB:
ALTER TABLE `tabAppraisal Goal` MODIFY `score` decimal(21,9) not null default 0, MODIFY `per_weightage` decimal(21,9) not null default 0, MODIFY `score_earned` decimal(21,9) not null default 0
2026-05-05 14:50:34,243 WARNING database DDL Query made to DB:
ALTER TABLE `tabTravel Request Costing` MODIFY `sponsored_amount` decimal(21,9) not null default 0, MODIFY `total_amount` decimal(21,9) not null default 0, MODIFY `funded_amount` decimal(21,9) not null default 0
2026-05-05 14:50:34,325 WARNING database DDL Query made to DB:
ALTER TABLE `tabEmployee Promotion` MODIFY `current_ctc` decimal(21,9) not null default 0, MODIFY `revised_ctc` decimal(21,9) not null default 0
2026-05-05 14:50:34,558 WARNING database DDL Query made to DB:
ALTER TABLE `tabTraining Result Employee` MODIFY `hours` decimal(21,9) not null default 0
2026-05-05 14:50:34,931 WARNING database DDL Query made to DB:
ALTER TABLE `tabJob Requisition` MODIFY `time_to_fill` decimal(21,9), MODIFY `expected_compensation` decimal(21,9) not null default 0
2026-05-05 14:50:35,008 WARNING database DDL Query made to DB:
ALTER TABLE `tabExpense Taxes and Charges` MODIFY `rate` decimal(21,9) not null default 0, MODIFY `tax_amount` decimal(21,9) not null default 0, MODIFY `total` decimal(21,9) not null default 0
2026-05-05 14:50:35,351 WARNING database DDL Query made to DB:
ALTER TABLE `tabLeave Policy Detail` MODIFY `annual_allocation` decimal(21,9) not null default 0
2026-05-05 14:50:35,418 WARNING database DDL Query made to DB:
ALTER TABLE `tabExpense Claim Advance` MODIFY `unclaimed_amount` decimal(21,9) not null default 0, MODIFY `return_amount` decimal(21,9) not null default 0, MODIFY `allocated_amount` decimal(21,9) not null default 0, MODIFY `advance_paid` decimal(21,9) not null default 0
2026-05-05 14:50:35,494 WARNING database DDL Query made to DB:
ALTER TABLE `tabGoal` MODIFY `progress` decimal(21,9) not null default 0
2026-05-05 14:50:35,580 WARNING database DDL Query made to DB:
ALTER TABLE `tabExpense Claim Detail` MODIFY `amount` decimal(21,9) not null default 0, MODIFY `sanctioned_amount` decimal(21,9) not null default 0
2026-05-05 14:50:35,994 WARNING database DDL Query made to DB:
ALTER TABLE `tabEmployee Advance` MODIFY `pending_amount` decimal(21,9) not null default 0, MODIFY `paid_amount` decimal(21,9) not null default 0, MODIFY `claimed_amount` decimal(21,9) not null default 0, MODIFY `advance_amount` decimal(21,9) not null default 0, MODIFY `return_amount` decimal(21,9) not null default 0, MODIFY `exchange_rate` decimal(21,9) not null default 0
2026-05-05 14:50:36,182 WARNING database DDL Query made to DB:
ALTER TABLE `tabAttendance` ADD COLUMN `modify_half_day_status` int(1) not null default 0
2026-05-05 14:50:36,194 WARNING database DDL Query made to DB:
ALTER TABLE `tabAttendance` MODIFY `working_hours` decimal(21,2) not null default 0
2026-05-05 14:50:36,274 WARNING database DDL Query made to DB:
ALTER TABLE `tabShift Location` MODIFY `longitude` decimal(21,9) not null default 0, MODIFY `latitude` decimal(21,9) not null default 0
2026-05-05 14:50:36,284 WARNING database DDL Query made to DB:
ALTER TABLE `tabShift Location` ADD INDEX `creation`(`creation`)
2026-05-05 14:50:36,398 WARNING database DDL Query made to DB:
ALTER TABLE `tabAppraisal` MODIFY `avg_feedback_score` decimal(21,9) not null default 0, MODIFY `self_score` decimal(21,9) not null default 0, MODIFY `final_score` decimal(21,9) not null default 0, MODIFY `total_score` decimal(21,9) not null default 0, MODIFY `goal_score_percentage` decimal(21,9) not null default 0
2026-05-05 14:50:36,548 WARNING database DDL Query made to DB:
ALTER TABLE `tabEmployee Boarding Activity` MODIFY `task_weight` decimal(21,9) not null default 0
2026-05-05 14:50:36,723 WARNING database DDL Query made to DB:
ALTER TABLE `tabLeave Ledger Entry` MODIFY `leaves` decimal(21,9) not null default 0
2026-05-05 14:50:36,795 WARNING database DDL Query made to DB:
ALTER TABLE `tabVehicle Service` MODIFY `expense_amount` decimal(21,9) not null default 0
2026-05-05 14:50:37,011 WARNING database DDL Query made to DB:
ALTER TABLE `tabEmployee Grade` MODIFY `default_base_pay` decimal(21,9) not null default 0
2026-05-05 14:50:37,096 WARNING database DDL Query made to DB:
ALTER TABLE `tabInterview Feedback` MODIFY `average_rating` decimal(3,2)
2026-05-05 14:50:37,917 WARNING database DDL Query made to DB:
ALTER TABLE `tabEmployee Tax Exemption Declaration Category` MODIFY `amount` decimal(21,9) not null default 0, MODIFY `max_amount` decimal(21,9) not null default 0
2026-05-05 14:50:38,006 WARNING database DDL Query made to DB:
ALTER TABLE `tabSalary Component` ADD COLUMN `do_not_include_in_accounts` int(1) not null default 0
2026-05-05 14:50:38,012 WARNING database DDL Query made to DB:
ALTER TABLE `tabSalary Component` MODIFY `amount` decimal(21,9) not null default 0, MODIFY `max_benefit_amount` decimal(21,9) not null default 0
2026-05-05 14:50:38,021 WARNING database DDL Query made to DB:
ALTER TABLE `tabSalary Component` ADD INDEX `creation`(`creation`)
2026-05-05 14:50:38,236 WARNING database DDL Query made to DB:
ALTER TABLE `tabEmployee Tax Exemption Proof Submission Detail` MODIFY `max_amount` decimal(21,9) not null default 0, MODIFY `amount` decimal(21,9) not null default 0
2026-05-05 14:50:38,300 WARNING database DDL Query made to DB:
ALTER TABLE `tabSalary Slip Loan` MODIFY `principal_amount` decimal(21,9) not null default 0, MODIFY `interest_amount` decimal(21,9) not null default 0, MODIFY `total_payment` decimal(21,9) not null default 0
2026-05-05 14:50:38,379 WARNING database DDL Query made to DB:
ALTER TABLE `tabSalary Structure` MODIFY `total_earning` decimal(21,9) not null default 0, MODIFY `leave_encashment_amount_per_day` decimal(21,9) not null default 0, MODIFY `max_benefits` decimal(21,9) not null default 0, MODIFY `hour_rate` decimal(21,9) not null default 0, MODIFY `net_pay` decimal(21,9) not null default 0, MODIFY `total_deduction` decimal(21,9) not null default 0
2026-05-05 14:50:38,463 WARNING database DDL Query made to DB:
ALTER TABLE `tabEmployee Benefit Claim` MODIFY `claimed_amount` decimal(21,9) not null default 0, MODIFY `max_amount_eligible` decimal(21,9) not null default 0
2026-05-05 14:50:38,550 WARNING database DDL Query made to DB:
ALTER TABLE `tabEmployee Tax Exemption Declaration` MODIFY `annual_hra_exemption` decimal(21,9) not null default 0, MODIFY `total_declared_amount` decimal(21,9) not null default 0, MODIFY `salary_structure_hra` decimal(21,9) not null default 0, MODIFY `total_exemption_amount` decimal(21,9) not null default 0, MODIFY `monthly_house_rent` decimal(21,9) not null default 0, MODIFY `monthly_hra_exemption` decimal(21,9) not null default 0
2026-05-05 14:50:38,632 WARNING database DDL Query made to DB:
ALTER TABLE `tabEmployee Tax Exemption Sub Category` MODIFY `max_amount` decimal(21,9) not null default 0
2026-05-05 14:50:38,728 WARNING database DDL Query made to DB:
ALTER TABLE `tabSalary Withholding` ADD INDEX `creation`(`creation`)
2026-05-05 14:50:38,810 WARNING database DDL Query made to DB:
ALTER TABLE `tabEmployee Incentive` MODIFY `incentive_amount` decimal(21,9) not null default 0
2026-05-05 14:50:38,913 WARNING database DDL Query made to DB:
ALTER TABLE `tabPayroll Entry` MODIFY `exchange_rate` decimal(21,9) not null default 0
2026-05-05 14:50:38,977 WARNING database DDL Query made to DB:
ALTER TABLE `tabSalary Slip Leave` MODIFY `expired_leaves` decimal(21,9) not null default 0, MODIFY `pending_leaves` decimal(21,9) not null default 0, MODIFY `used_leaves` decimal(21,9) not null default 0, MODIFY `total_allocated_leaves` decimal(21,9) not null default 0, MODIFY `available_leaves` decimal(21,9) not null default 0
2026-05-05 14:50:39,042 WARNING database DDL Query made to DB:
ALTER TABLE `tabIncome Tax Slab Other Charges` MODIFY `percent` decimal(21,9) not null default 0, MODIFY `min_taxable_income` decimal(21,9) not null default 0, MODIFY `max_taxable_income` decimal(21,9) not null default 0
2026-05-05 14:50:39,119 WARNING database DDL Query made to DB:
ALTER TABLE `tabSalary Structure Assignment` ADD COLUMN `leave_encashment_amount_per_day` decimal(21,9) not null default 0
2026-05-05 14:50:39,126 WARNING database DDL Query made to DB:
ALTER TABLE `tabSalary Structure Assignment` MODIFY `tax_deducted_till_date` decimal(21,9) not null default 0, MODIFY `variable` decimal(21,9) not null default 0, MODIFY `base` decimal(21,9) not null default 0, MODIFY `taxable_earnings_till_date` decimal(21,9) not null default 0
2026-05-05 14:50:39,226 WARNING database DDL Query made to DB:
ALTER TABLE `tabAdditional Salary` MODIFY `amount` decimal(21,9) not null default 0
2026-05-05 14:50:39,392 WARNING database DDL Query made to DB:
ALTER TABLE `tabGratuity Rule Slab` MODIFY `fraction_of_applicable_earnings` decimal(21,9) not null default 0
2026-05-05 14:50:39,579 WARNING database DDL Query made to DB:
ALTER TABLE `tabSalary Withholding Cycle` ADD INDEX `creation`(`creation`)
2026-05-05 14:50:39,704 WARNING database DDL Query made to DB:
ALTER TABLE `tabEmployee Benefit Application` MODIFY `remaining_benefit` decimal(21,9) not null default 0, MODIFY `total_amount` decimal(21,9) not null default 0, MODIFY `max_benefits` decimal(21,9) not null default 0, MODIFY `pro_rata_dispensed_amount` decimal(21,9) not null default 0
2026-05-05 14:50:39,785 WARNING database DDL Query made to DB:
ALTER TABLE `tabEmployee Tax Exemption Category` MODIFY `max_amount` decimal(21,9) not null default 0
2026-05-05 14:50:39,861 WARNING database DDL Query made to DB:
ALTER TABLE `tabTaxable Salary Slab` MODIFY `to_amount` decimal(21,9) not null default 0
2026-05-05 14:50:39,917 WARNING database DDL Query made to DB:
ALTER TABLE `tabSalary Slip Timesheet` MODIFY `working_hours` decimal(21,9) not null default 0
2026-05-05 14:50:39,986 WARNING database DDL Query made to DB:
ALTER TABLE `tabEmployee Tax Exemption Proof Submission` MODIFY `house_rent_payment_amount` decimal(21,9) not null default 0, MODIFY `total_actual_amount` decimal(21,9) not null default 0, MODIFY `exemption_amount` decimal(21,9) not null default 0, MODIFY `monthly_hra_exemption` decimal(21,9) not null default 0, MODIFY `total_eligible_hra_exemption` decimal(21,9) not null default 0, MODIFY `monthly_house_rent` decimal(21,9) not null default 0
2026-05-05 14:50:40,120 WARNING database DDL Query made to DB:
ALTER TABLE `tabSalary Detail` ADD COLUMN `do_not_include_in_accounts` int(1) not null default 0
2026-05-05 14:50:40,153 WARNING database DDL Query made to DB:
ALTER TABLE `tabSalary Detail` MODIFY `default_amount` decimal(21,9) not null default 0, MODIFY `additional_amount` decimal(21,9) not null default 0, MODIFY `tax_on_flexible_benefit` decimal(21,9) not null default 0, MODIFY `year_to_date` decimal(21,9) not null default 0, MODIFY `tax_on_additional_salary` decimal(21,9) not null default 0, MODIFY `amount` decimal(21,9) not null default 0
2026-05-05 14:50:40,164 WARNING database DDL Query made to DB:
ALTER TABLE `tabSalary Detail` ADD INDEX `creation`(`creation`)
2026-05-05 14:50:40,284 WARNING database DDL Query made to DB:
ALTER TABLE `tabRetention Bonus` MODIFY `bonus_amount` decimal(21,9) not null default 0
2026-05-05 14:50:40,366 WARNING database DDL Query made to DB:
ALTER TABLE `tabEmployee Benefit Application Detail` MODIFY `max_benefit_amount` decimal(21,9) not null default 0, MODIFY `amount` decimal(21,9) not null default 0
2026-05-05 14:50:40,431 WARNING database DDL Query made to DB:
ALTER TABLE `tabEmployee Other Income` MODIFY `amount` decimal(21,9) not null default 0
2026-05-05 14:50:40,597 WARNING database DDL Query made to DB:
ALTER TABLE `tabGratuity Rule` MODIFY `total_working_days_per_year` decimal(21,9) not null default 365.0
2026-05-05 14:50:40,606 WARNING database DDL Query made to DB:
ALTER TABLE `tabGratuity Rule` ADD INDEX `creation`(`creation`)
2026-05-05 14:50:40,740 WARNING database DDL Query made to DB:
ALTER TABLE `tabSalary Slip` MODIFY `base_year_to_date` decimal(21,9) not null default 0, MODIFY `base_month_to_date` decimal(21,9) not null default 0, MODIFY `standard_tax_exemption_amount` decimal(21,9) not null default 0, MODIFY `current_month_income_tax` decimal(21,9) not null default 0, MODIFY `base_hour_rate` decimal(21,9) not null default 0, MODIFY `gross_year_to_date` decimal(21,9) not null default 0, MODIFY `net_pay` decimal(21,9) not null default 0, MODIFY `total_working_hours` decimal(21,9) not null default 0, MODIFY `year_to_date` decimal(21,9) not null default 0, MODIFY `rounded_total` decimal(21,9) not null default 0, MODIFY `absent_days` decimal(21,9) not null default 0, MODIFY `income_from_other_sources` decimal(21,9) not null default 0, MODIFY `month_to_date` decimal(21,9) not null default 0, MODIFY `income_tax_deducted_till_date` decimal(21,9) not null default 0, MODIFY `total_deduction` decimal(21,9) not null default 0, MODIFY `future_income_tax_deductions` decimal(21,9) not null default 0, MODIFY `annual_taxable_amount` decimal(21,9) not null default 0, MODIFY `gross_pay` decimal(21,9) not null default 0, MODIFY `base_gross_year_to_date` decimal(21,9) not null default 0, MODIFY `unmarked_days` decimal(21,9) not null default 0, MODIFY `tax_exemption_declaration` decimal(21,9) not null default 0, MODIFY `hour_rate` decimal(21,9) not null default 0, MODIFY `base_total_deduction` decimal(21,9) not null default 0, MODIFY `ctc` decimal(21,9) not null default 0, MODIFY `base_net_pay` decimal(21,9) not null default 0, MODIFY `leave_without_pay` decimal(21,9) not null default 0, MODIFY `payment_days` decimal(21,9) not null default 0, MODIFY `base_rounded_total` decimal(21,9) not null default 0, MODIFY `total_income_tax` decimal(21,9) not null default 0, MODIFY `total_working_days` decimal(21,9) not null default 0, MODIFY `total_earnings` decimal(21,9) not null default 0, MODIFY `non_taxable_earnings` decimal(21,9) not null default 0, MODIFY `deductions_before_tax_calculation` decimal(21,9) not null default 0, MODIFY `base_gross_pay` decimal(21,9) not null default 0
2026-05-05 14:50:40,829 WARNING database DDL Query made to DB:
ALTER TABLE `tabIncome Tax Slab` MODIFY `standard_tax_exemption_amount` decimal(21,9) not null default 0, MODIFY `tax_relief_limit` decimal(21,9) not null default 0, MODIFY `marginal_relief_limit` decimal(21,9) not null default 0
2026-05-05 14:50:41,647 WARNING database DDL Query made to DB:
ALTER TABLE `tabEmployee` MODIFY `ctc` decimal(21,9) not null default 0
2026-05-05 14:53:09,521 WARNING database DDL Query made to DB:
ALTER TABLE `tabWeb Form` MODIFY `condition_json` json, MODIFY `amount` decimal(21,9) not null default 0
2026-05-05 14:53:10,282 WARNING database DDL Query made to DB:
ALTER TABLE `tabEmployee Transfer` MODIFY `department` varchar(140)
2026-05-05 14:53:10,378 WARNING database DDL Query made to DB:
ALTER TABLE `tabLeave Allocation` MODIFY `carry_forwarded_leaves_count` decimal(21,9) not null default 0, MODIFY `new_leaves_allocated` decimal(21,9) not null default 0, MODIFY `unused_leaves` decimal(21,9) not null default 0, MODIFY `total_leaves_encashed` decimal(21,9) not null default 0, MODIFY `total_leaves_allocated` decimal(21,9) not null default 0
2026-05-05 14:53:10,619 WARNING database DDL Query made to DB:
ALTER TABLE `tabEmployee Feedback Rating` MODIFY `per_weightage` decimal(21,9) not null default 0, MODIFY `rating` decimal(3,2)
2026-05-05 14:53:10,826 WARNING database DDL Query made to DB:
ALTER TABLE `tabExpense Claim` MODIFY `grand_total` decimal(21,9) not null default 0, MODIFY `employee` varchar(140), MODIFY `total_taxes_and_charges` decimal(21,9) not null default 0, MODIFY `total_advance_amount` decimal(21,9) not null default 0, MODIFY `total_amount_reimbursed` decimal(21,9) not null default 0, MODIFY `total_claimed_amount` decimal(21,9) not null default 0, MODIFY `total_sanctioned_amount` decimal(21,9) not null default 0
2026-05-05 14:53:11,284 WARNING database DDL Query made to DB:
ALTER TABLE `tabFull and Final Outstanding Statement` MODIFY `amount` decimal(21,9) not null default 0
2026-05-05 14:53:11,394 WARNING database DDL Query made to DB:
ALTER TABLE `tabFull and Final Statement` MODIFY `total_receivable_amount` decimal(21,9) not null default 0, MODIFY `total_payable_amount` decimal(21,9) not null default 0, MODIFY `total_asset_recovery_cost` decimal(21,9) not null default 0
2026-05-05 14:53:11,582 WARNING database DDL Query made to DB:
ALTER TABLE `tabFull and Final Asset` MODIFY `actual_cost` decimal(21,9) not null default 0, MODIFY `cost` decimal(21,9) not null default 0
2026-05-05 14:53:11,709 WARNING database DDL Query made to DB:
ALTER TABLE `tabSkill Assessment` MODIFY `rating` decimal(3,2)
2026-05-05 14:53:12,080 WARNING database DDL Query made to DB:
ALTER TABLE `tabVehicle Log` MODIFY `price` decimal(21,9) not null default 0, MODIFY `fuel_qty` decimal(21,9) not null default 0
2026-05-05 14:53:12,208 WARNING database DDL Query made to DB:
ALTER TABLE `tabLeave Type` MODIFY `fraction_of_daily_salary_per_leave` decimal(21,9) not null default 0, MODIFY `max_leaves_allowed` decimal(21,9) not null default 0, MODIFY `maximum_carry_forwarded_leaves` decimal(21,9) not null default 0
2026-05-05 14:53:12,295 WARNING database DDL Query made to DB:
ALTER TABLE `tabEmployee Performance Feedback` MODIFY `total_score` decimal(21,9) not null default 0
2026-05-05 14:53:12,422 WARNING database DDL Query made to DB:
ALTER TABLE `tabInterview` MODIFY `average_rating` decimal(3,2), MODIFY `expected_average_rating` decimal(3,2)
2026-05-05 14:53:12,521 WARNING database DDL Query made to DB:
ALTER TABLE `tabLeave Encashment` MODIFY `encashment_amount` decimal(21,9) not null default 0, MODIFY `actual_encashable_days` decimal(21,9) not null default 0, MODIFY `leave_balance` decimal(21,9) not null default 0, MODIFY `encashment_days` decimal(21,9) not null default 0
2026-05-05 14:53:12,612 WARNING database DDL Query made to DB:
ALTER TABLE `tabJob Opening Template` ADD INDEX `creation`(`creation`)
2026-05-05 14:53:12,707 WARNING database DDL Query made to DB:
ALTER TABLE `tabAppraisal Template Goal` MODIFY `per_weightage` decimal(21,9) not null default 0
2026-05-05 14:53:12,774 WARNING database DDL Query made to DB:
ALTER TABLE `tabInterview Round` MODIFY `expected_average_rating` decimal(3,2)
2026-05-05 14:53:13,000 WARNING database DDL Query made to DB:
ALTER TABLE `tabEmployee Skill` MODIFY `proficiency` decimal(3,2)
2026-05-05 14:53:13,056 WARNING database DDL Query made to DB:
ALTER TABLE `tabAppraisal KRA` MODIFY `goal_completion` decimal(21,2) not null default 0, MODIFY `goal_score` decimal(21,2) not null default 0, MODIFY `per_weightage` decimal(21,9) not null default 0
2026-05-05 14:53:13,122 WARNING database DDL Query made to DB:
ALTER TABLE `tabStaffing Plan Detail` MODIFY `estimated_cost_per_position` decimal(21,9) not null default 0, MODIFY `total_estimated_cost` decimal(21,9) not null default 0
2026-05-05 14:53:13,295 WARNING database DDL Query made to DB:
ALTER TABLE `tabJob Applicant` MODIFY `upper_range` decimal(21,0) not null default 0, MODIFY `lower_range` decimal(21,0) not null default 0, MODIFY `applicant_rating` decimal(3,2)
2026-05-05 14:53:13,956 WARNING database DDL Query made to DB:
ALTER TABLE `tabShift Type` MODIFY `working_hours_threshold_for_absent` decimal(21,2) not null default 0, MODIFY `working_hours_threshold_for_half_day` decimal(21,2) not null default 0
2026-05-05 14:53:14,093 WARNING database DDL Query made to DB:
ALTER TABLE `tabEmployee Checkin` MODIFY `latitude` decimal(21,7) not null default 0, MODIFY `longitude` decimal(21,7) not null default 0
2026-05-05 14:53:14,416 WARNING database DDL Query made to DB:
ALTER TABLE `tabLeave Application` MODIFY `total_leave_days` decimal(21,1) not null default 0, MODIFY `leave_balance` decimal(21,9) not null default 0
2026-05-05 14:53:14,635 WARNING database DDL Query made to DB:
ALTER TABLE `tabJob Opening` MODIFY `upper_range` decimal(21,0) not null default 0, MODIFY `lower_range` decimal(21,0) not null default 0
2026-05-05 14:53:15,187 WARNING database DDL Query made to DB:
ALTER TABLE `tabAppraisal Goal` MODIFY `score` decimal(21,9) not null default 0, MODIFY `per_weightage` decimal(21,9) not null default 0, MODIFY `score_earned` decimal(21,9) not null default 0
2026-05-05 14:53:15,564 WARNING database DDL Query made to DB:
ALTER TABLE `tabTravel Request Costing` MODIFY `sponsored_amount` decimal(21,9) not null default 0, MODIFY `total_amount` decimal(21,9) not null default 0, MODIFY `funded_amount` decimal(21,9) not null default 0
2026-05-05 14:53:15,628 WARNING database DDL Query made to DB:
ALTER TABLE `tabEmployee Promotion` MODIFY `revised_ctc` decimal(21,9) not null default 0, MODIFY `current_ctc` decimal(21,9) not null default 0
2026-05-05 14:53:15,872 WARNING database DDL Query made to DB:
ALTER TABLE `tabTraining Result Employee` MODIFY `hours` decimal(21,9) not null default 0
2026-05-05 14:53:16,264 WARNING database DDL Query made to DB:
ALTER TABLE `tabJob Requisition` MODIFY `time_to_fill` decimal(21,9), MODIFY `expected_compensation` decimal(21,9) not null default 0
2026-05-05 14:53:16,330 WARNING database DDL Query made to DB:
ALTER TABLE `tabExpense Taxes and Charges` MODIFY `rate` decimal(21,9) not null default 0, MODIFY `total` decimal(21,9) not null default 0, MODIFY `tax_amount` decimal(21,9) not null default 0
2026-05-05 14:53:16,653 WARNING database DDL Query made to DB:
ALTER TABLE `tabLeave Policy Detail` MODIFY `annual_allocation` decimal(21,9) not null default 0
2026-05-05 14:53:16,745 WARNING database DDL Query made to DB:
ALTER TABLE `tabExpense Claim Advance` MODIFY `unclaimed_amount` decimal(21,9) not null default 0, MODIFY `advance_paid` decimal(21,9) not null default 0, MODIFY `allocated_amount` decimal(21,9) not null default 0, MODIFY `return_amount` decimal(21,9) not null default 0
2026-05-05 14:53:16,817 WARNING database DDL Query made to DB:
ALTER TABLE `tabGoal` MODIFY `progress` decimal(21,9) not null default 0
2026-05-05 14:53:16,937 WARNING database DDL Query made to DB:
ALTER TABLE `tabExpense Claim Detail` MODIFY `sanctioned_amount` decimal(21,9) not null default 0, MODIFY `amount` decimal(21,9) not null default 0
2026-05-05 14:53:17,335 WARNING database DDL Query made to DB:
ALTER TABLE `tabEmployee Advance` MODIFY `paid_amount` decimal(21,9) not null default 0, MODIFY `claimed_amount` decimal(21,9) not null default 0, MODIFY `exchange_rate` decimal(21,9) not null default 0, MODIFY `advance_amount` decimal(21,9) not null default 0, MODIFY `pending_amount` decimal(21,9) not null default 0, MODIFY `return_amount` decimal(21,9) not null default 0
2026-05-05 14:53:17,528 WARNING database DDL Query made to DB:
ALTER TABLE `tabAttendance` MODIFY `working_hours` decimal(21,2) not null default 0
2026-05-05 14:53:17,615 WARNING database DDL Query made to DB:
ALTER TABLE `tabShift Location` MODIFY `latitude` decimal(21,9) not null default 0, MODIFY `longitude` decimal(21,9) not null default 0
2026-05-05 14:53:17,736 WARNING database DDL Query made to DB:
ALTER TABLE `tabAppraisal` MODIFY `final_score` decimal(21,9) not null default 0, MODIFY `avg_feedback_score` decimal(21,9) not null default 0, MODIFY `total_score` decimal(21,9) not null default 0, MODIFY `goal_score_percentage` decimal(21,9) not null default 0, MODIFY `self_score` decimal(21,9) not null default 0
2026-05-05 14:53:17,907 WARNING database DDL Query made to DB:
ALTER TABLE `tabEmployee Boarding Activity` MODIFY `task_weight` decimal(21,9) not null default 0
2026-05-05 14:53:18,073 WARNING database DDL Query made to DB:
ALTER TABLE `tabLeave Ledger Entry` MODIFY `leaves` decimal(21,9) not null default 0
2026-05-05 14:53:18,182 WARNING database DDL Query made to DB:
ALTER TABLE `tabVehicle Service` MODIFY `expense_amount` decimal(21,9) not null default 0
2026-05-05 14:53:18,378 WARNING database DDL Query made to DB:
ALTER TABLE `tabEmployee Grade` MODIFY `default_base_pay` decimal(21,9) not null default 0
2026-05-05 14:53:18,487 WARNING database DDL Query made to DB:
ALTER TABLE `tabInterview Feedback` MODIFY `average_rating` decimal(3,2)
2026-05-05 14:53:19,331 WARNING database DDL Query made to DB:
ALTER TABLE `tabEmployee Tax Exemption Declaration Category` MODIFY `max_amount` decimal(21,9) not null default 0, MODIFY `amount` decimal(21,9) not null default 0
2026-05-05 14:53:19,445 WARNING database DDL Query made to DB:
ALTER TABLE `tabSalary Component` MODIFY `amount` decimal(21,9) not null default 0, MODIFY `max_benefit_amount` decimal(21,9) not null default 0
2026-05-05 14:53:19,640 WARNING database DDL Query made to DB:
ALTER TABLE `tabEmployee Tax Exemption Proof Submission Detail` MODIFY `amount` decimal(21,9) not null default 0, MODIFY `max_amount` decimal(21,9) not null default 0
2026-05-05 14:53:19,732 WARNING database DDL Query made to DB:
ALTER TABLE `tabSalary Slip Loan` MODIFY `total_payment` decimal(21,9) not null default 0, MODIFY `principal_amount` decimal(21,9) not null default 0, MODIFY `interest_amount` decimal(21,9) not null default 0
2026-05-05 14:53:19,805 WARNING database DDL Query made to DB:
ALTER TABLE `tabSalary Structure` MODIFY `leave_encashment_amount_per_day` decimal(21,9) not null default 0, MODIFY `hour_rate` decimal(21,9) not null default 0, MODIFY `total_earning` decimal(21,9) not null default 0, MODIFY `max_benefits` decimal(21,9) not null default 0, MODIFY `net_pay` decimal(21,9) not null default 0, MODIFY `total_deduction` decimal(21,9) not null default 0
2026-05-05 14:53:19,919 WARNING database DDL Query made to DB:
ALTER TABLE `tabEmployee Benefit Claim` MODIFY `claimed_amount` decimal(21,9) not null default 0, MODIFY `max_amount_eligible` decimal(21,9) not null default 0
2026-05-05 14:53:20,005 WARNING database DDL Query made to DB:
ALTER TABLE `tabEmployee Tax Exemption Declaration` MODIFY `monthly_house_rent` decimal(21,9) not null default 0, MODIFY `total_declared_amount` decimal(21,9) not null default 0, MODIFY `annual_hra_exemption` decimal(21,9) not null default 0, MODIFY `total_exemption_amount` decimal(21,9) not null default 0, MODIFY `salary_structure_hra` decimal(21,9) not null default 0, MODIFY `monthly_hra_exemption` decimal(21,9) not null default 0
2026-05-05 14:53:20,116 WARNING database DDL Query made to DB:
ALTER TABLE `tabEmployee Tax Exemption Sub Category` MODIFY `max_amount` decimal(21,9) not null default 0
2026-05-05 14:53:20,283 WARNING database DDL Query made to DB:
ALTER TABLE `tabEmployee Incentive` MODIFY `incentive_amount` decimal(21,9) not null default 0
2026-05-05 14:53:20,379 WARNING database DDL Query made to DB:
ALTER TABLE `tabPayroll Entry` MODIFY `exchange_rate` decimal(21,9) not null default 0
2026-05-05 14:53:20,475 WARNING database DDL Query made to DB:
ALTER TABLE `tabSalary Slip Leave` MODIFY `pending_leaves` decimal(21,9) not null default 0, MODIFY `used_leaves` decimal(21,9) not null default 0, MODIFY `total_allocated_leaves` decimal(21,9) not null default 0, MODIFY `expired_leaves` decimal(21,9) not null default 0, MODIFY `available_leaves` decimal(21,9) not null default 0
2026-05-05 14:53:20,533 WARNING database DDL Query made to DB:
ALTER TABLE `tabIncome Tax Slab Other Charges` MODIFY `min_taxable_income` decimal(21,9) not null default 0, MODIFY `max_taxable_income` decimal(21,9) not null default 0, MODIFY `percent` decimal(21,9) not null default 0
2026-05-05 14:53:20,608 WARNING database DDL Query made to DB:
ALTER TABLE `tabSalary Structure Assignment` MODIFY `leave_encashment_amount_per_day` decimal(21,9) not null default 0, MODIFY `tax_deducted_till_date` decimal(21,9) not null default 0, MODIFY `variable` decimal(21,9) not null default 0, MODIFY `base` decimal(21,9) not null default 0, MODIFY `taxable_earnings_till_date` decimal(21,9) not null default 0
2026-05-05 14:53:20,745 WARNING database DDL Query made to DB:
ALTER TABLE `tabAdditional Salary` MODIFY `amount` decimal(21,9) not null default 0
2026-05-05 14:53:20,918 WARNING database DDL Query made to DB:
ALTER TABLE `tabGratuity Rule Slab` MODIFY `fraction_of_applicable_earnings` decimal(21,9) not null default 0
2026-05-05 14:53:21,232 WARNING database DDL Query made to DB:
ALTER TABLE `tabEmployee Benefit Application` MODIFY `total_amount` decimal(21,9) not null default 0, MODIFY `max_benefits` decimal(21,9) not null default 0, MODIFY `pro_rata_dispensed_amount` decimal(21,9) not null default 0, MODIFY `remaining_benefit` decimal(21,9) not null default 0
2026-05-05 14:53:21,308 WARNING database DDL Query made to DB:
ALTER TABLE `tabEmployee Tax Exemption Category` MODIFY `max_amount` decimal(21,9) not null default 0
2026-05-05 14:53:21,422 WARNING database DDL Query made to DB:
ALTER TABLE `tabTaxable Salary Slab` MODIFY `to_amount` decimal(21,9) not null default 0
2026-05-05 14:53:21,476 WARNING database DDL Query made to DB:
ALTER TABLE `tabSalary Slip Timesheet` MODIFY `working_hours` decimal(21,9) not null default 0
2026-05-05 14:53:21,548 WARNING database DDL Query made to DB:
ALTER TABLE `tabEmployee Tax Exemption Proof Submission` MODIFY `house_rent_payment_amount` decimal(21,9) not null default 0, MODIFY `total_eligible_hra_exemption` decimal(21,9) not null default 0, MODIFY `monthly_hra_exemption` decimal(21,9) not null default 0, MODIFY `total_actual_amount` decimal(21,9) not null default 0, MODIFY `monthly_house_rent` decimal(21,9) not null default 0, MODIFY `exemption_amount` decimal(21,9) not null default 0
2026-05-05 14:53:21,675 WARNING database DDL Query made to DB:
ALTER TABLE `tabSalary Detail` MODIFY `amount` decimal(21,9) not null default 0, MODIFY `default_amount` decimal(21,9) not null default 0, MODIFY `tax_on_flexible_benefit` decimal(21,9) not null default 0, MODIFY `tax_on_additional_salary` decimal(21,9) not null default 0, MODIFY `year_to_date` decimal(21,9) not null default 0, MODIFY `additional_amount` decimal(21,9) not null default 0
2026-05-05 14:53:21,788 WARNING database DDL Query made to DB:
ALTER TABLE `tabRetention Bonus` MODIFY `bonus_amount` decimal(21,9) not null default 0
2026-05-05 14:53:21,880 WARNING database DDL Query made to DB:
ALTER TABLE `tabEmployee Benefit Application Detail` MODIFY `max_benefit_amount` decimal(21,9) not null default 0, MODIFY `amount` decimal(21,9) not null default 0
2026-05-05 14:53:21,943 WARNING database DDL Query made to DB:
ALTER TABLE `tabEmployee Other Income` MODIFY `amount` decimal(21,9) not null default 0
2026-05-05 14:53:22,256 WARNING database DDL Query made to DB:
ALTER TABLE `tabSalary Slip` MODIFY `gross_pay` decimal(21,9) not null default 0, MODIFY `gross_year_to_date` decimal(21,9) not null default 0, MODIFY `total_income_tax` decimal(21,9) not null default 0, MODIFY `total_working_hours` decimal(21,9) not null default 0, MODIFY `total_working_days` decimal(21,9) not null default 0, MODIFY `payment_days` decimal(21,9) not null default 0, MODIFY `tax_exemption_declaration` decimal(21,9) not null default 0, MODIFY `hour_rate` decimal(21,9) not null default 0, MODIFY `net_pay` decimal(21,9) not null default 0, MODIFY `year_to_date` decimal(21,9) not null default 0, MODIFY `current_month_income_tax` decimal(21,9) not null default 0, MODIFY `unmarked_days` decimal(21,9) not null default 0, MODIFY `leave_without_pay` decimal(21,9) not null default 0, MODIFY `income_from_other_sources` decimal(21,9) not null default 0, MODIFY `base_gross_pay` decimal(21,9) not null default 0, MODIFY `income_tax_deducted_till_date` decimal(21,9) not null default 0, MODIFY `rounded_total` decimal(21,9) not null default 0, MODIFY `base_month_to_date` decimal(21,9) not null default 0, MODIFY `base_hour_rate` decimal(21,9) not null default 0, MODIFY `base_gross_year_to_date` decimal(21,9) not null default 0, MODIFY `month_to_date` decimal(21,9) not null default 0, MODIFY `absent_days` decimal(21,9) not null default 0, MODIFY `total_earnings` decimal(21,9) not null default 0, MODIFY `deductions_before_tax_calculation` decimal(21,9) not null default 0, MODIFY `base_year_to_date` decimal(21,9) not null default 0, MODIFY `annual_taxable_amount` decimal(21,9) not null default 0, MODIFY `total_deduction` decimal(21,9) not null default 0, MODIFY `base_total_deduction` decimal(21,9) not null default 0, MODIFY `standard_tax_exemption_amount` decimal(21,9) not null default 0, MODIFY `base_net_pay` decimal(21,9) not null default 0, MODIFY `ctc` decimal(21,9) not null default 0, MODIFY `non_taxable_earnings` decimal(21,9) not null default 0, MODIFY `base_rounded_total` decimal(21,9) not null default 0, MODIFY `future_income_tax_deductions` decimal(21,9) not null default 0
2026-05-05 14:53:22,342 WARNING database DDL Query made to DB:
ALTER TABLE `tabIncome Tax Slab` MODIFY `standard_tax_exemption_amount` decimal(21,9) not null default 0, MODIFY `tax_relief_limit` decimal(21,9) not null default 0, MODIFY `marginal_relief_limit` decimal(21,9) not null default 0
2026-05-05 14:53:27,591 WARNING database DDL Query made to DB:
alter table `tabLeave Type` drop column `based_on_date_of_joining`
2026-05-05 14:53:28,998 WARNING database DDL Query made to DB:
alter table `tabDocType` add column if not exists migration_hash varchar(140)
2026-05-05 14:53:29,387 WARNING database DDL Query made to DB:
ALTER TABLE `tabPrint Heading` DROP INDEX `print_heading`
2026-05-05 14:53:29,810 WARNING database DDL Query made to DB:
ALTER TABLE `tabPrint Heading` ADD UNIQUE INDEX IF NOT EXISTS print_heading (`print_heading`)
2026-05-06 12:48:50,204 WARNING database DDL Query made to DB:
alter table `tabDocType` add column if not exists migration_hash varchar(140)
2026-05-06 12:48:50,733 WARNING database DDL Query made to DB:
ALTER TABLE `tabPrint Heading` DROP INDEX `print_heading`
2026-05-06 12:48:51,171 WARNING database DDL Query made to DB:
ALTER TABLE `tabPrint Heading` ADD UNIQUE INDEX IF NOT EXISTS print_heading (`print_heading`)
2026-05-06 12:50:55,901 WARNING database DDL Query made to DB:
alter table `tabDocType` add column if not exists migration_hash varchar(140)
2026-05-06 12:50:56,297 WARNING database DDL Query made to DB:
ALTER TABLE `tabPrint Heading` DROP INDEX `print_heading`
2026-05-06 12:50:56,720 WARNING database DDL Query made to DB:
ALTER TABLE `tabPrint Heading` ADD UNIQUE INDEX IF NOT EXISTS print_heading (`print_heading`)
2026-05-06 12:59:21,899 WARNING database DDL Query made to DB:
alter table `tabDocType` add column if not exists migration_hash varchar(140)
2026-05-06 12:59:22,329 WARNING database DDL Query made to DB:
ALTER TABLE `tabPrint Heading` DROP INDEX `print_heading`
2026-05-06 12:59:22,859 WARNING database DDL Query made to DB:
ALTER TABLE `tabPrint Heading` ADD UNIQUE INDEX IF NOT EXISTS print_heading (`print_heading`)
2026-05-06 13:00:23,244 WARNING database DDL Query made to DB:
alter table `tabDocType` add column if not exists migration_hash varchar(140)
2026-05-06 13:00:23,660 WARNING database DDL Query made to DB:
ALTER TABLE `tabPrint Heading` DROP INDEX `print_heading`
2026-05-06 13:00:24,017 WARNING database DDL Query made to DB:
ALTER TABLE `tabPrint Heading` ADD UNIQUE INDEX IF NOT EXISTS print_heading (`print_heading`)
2026-05-06 13:02:59,894 WARNING database DDL Query made to DB:
alter table `tabDocType` add column if not exists migration_hash varchar(140)
2026-05-06 13:03:00,287 WARNING database DDL Query made to DB:
ALTER TABLE `tabPrint Heading` DROP INDEX `print_heading`
2026-05-06 13:03:00,638 WARNING database DDL Query made to DB:
ALTER TABLE `tabPrint Heading` ADD UNIQUE INDEX IF NOT EXISTS print_heading (`print_heading`)
2026-05-06 13:06:37,183 WARNING database DDL Query made to DB:
DROP DATABASE IF EXISTS `_a40b0fc481d55b0e`
2026-05-06 13:06:37,185 WARNING database DDL Query made to DB:
DROP USER IF EXISTS '_a40b0fc481d55b0e'@'%'
2026-05-06 13:06:37,187 WARNING database DDL Query made to DB:
DROP USER IF EXISTS '_a40b0fc481d55b0e'@'localhost'
2026-05-06 13:10:21,216 WARNING database DDL Query made to DB:
ALTER TABLE `tabIncome Tax Slab` ADD COLUMN `marginal_relief_limit` decimal(21,9) not null default 0
2026-05-06 13:10:21,233 WARNING database DDL Query made to DB:
ALTER TABLE `tabIncome Tax Slab` MODIFY `tax_relief_limit` decimal(21,9) not null default 0, MODIFY `standard_tax_exemption_amount` decimal(21,9) not null default 0
2026-05-06 13:10:21,242 WARNING database DDL Query made to DB:
ALTER TABLE `tabIncome Tax Slab` ADD INDEX `creation`(`creation`)
2026-05-06 13:10:21,310 WARNING database DDL Query made to DB:
ALTER TABLE `tabSalary Component` ADD COLUMN `component_type` varchar(140)
2026-05-06 13:10:21,321 WARNING database DDL Query made to DB:
ALTER TABLE `tabSalary Component` MODIFY `amount` decimal(21,9) not null default 0, MODIFY `max_benefit_amount` decimal(21,9) not null default 0
2026-05-06 13:10:21,331 WARNING database DDL Query made to DB:
ALTER TABLE `tabSalary Component` ADD INDEX `creation`(`creation`)
2026-05-06 13:10:21,387 WARNING database DDL Query made to DB:
ALTER TABLE `tabCompany` ADD COLUMN `basic_component` varchar(140), ADD COLUMN `hra_component` varchar(140), ADD COLUMN `arrear_component` varchar(140)
2026-05-06 13:10:21,395 WARNING database DDL Query made to DB:
ALTER TABLE `tabCompany` MODIFY `monthly_sales_target` decimal(21,9) not null default 0, MODIFY `total_monthly_sales` decimal(21,9) not null default 0, MODIFY `credit_limit` decimal(21,9) not null default 0
2026-05-06 13:10:21,472 WARNING database DDL Query made to DB:
ALTER TABLE `tabEmployee` ADD COLUMN `pan_number` varchar(140), ADD COLUMN `provident_fund_account` varchar(140), ADD COLUMN `ifsc_code` varchar(140), ADD COLUMN `micr_code` varchar(140)
2026-05-06 13:10:21,478 WARNING database DDL Query made to DB:
ALTER TABLE `tabEmployee` MODIFY `ctc` decimal(21,9) not null default 0
2026-05-06 13:10:21,514 WARNING database DDL Query made to DB:
ALTER TABLE `tabEmployee Tax Exemption Declaration` ADD COLUMN `monthly_house_rent` decimal(21,9) not null default 0, ADD COLUMN `rented_in_metro_city` int(1) not null default 0, ADD COLUMN `salary_structure_hra` decimal(21,9) not null default 0, ADD COLUMN `annual_hra_exemption` decimal(21,9) not null default 0, ADD COLUMN `monthly_hra_exemption` decimal(21,9) not null default 0
2026-05-06 13:10:21,553 WARNING database DDL Query made to DB:
ALTER TABLE `tabEmployee Tax Exemption Declaration` MODIFY `total_exemption_amount` decimal(21,9) not null default 0, MODIFY `total_declared_amount` decimal(21,9) not null default 0
2026-05-06 13:10:21,590 WARNING database DDL Query made to DB:
ALTER TABLE `tabEmployee Tax Exemption Proof Submission` ADD COLUMN `house_rent_payment_amount` decimal(21,9) not null default 0, ADD COLUMN `rented_in_metro_city` int(1) not null default 0, ADD COLUMN `rented_from_date` date, ADD COLUMN `rented_to_date` date, ADD COLUMN `monthly_house_rent` decimal(21,9) not null default 0, ADD COLUMN `monthly_hra_exemption` decimal(21,9) not null default 0, ADD COLUMN `total_eligible_hra_exemption` decimal(21,9) not null default 0
2026-05-06 13:10:21,597 WARNING database DDL Query made to DB:
ALTER TABLE `tabEmployee Tax Exemption Proof Submission` MODIFY `exemption_amount` decimal(21,9) not null default 0, MODIFY `total_actual_amount` decimal(21,9) not null default 0
