_HiStOrY_V2_
/*\0401.\040Delete\040from\040the\040installed\040apps\040table\040*/
DELETE\040FROM\040`tabInstalled\040Application`\040WHERE\040name\040IN\040('erpnext_telegram_integration',\040'law_management');
/*\0402.\040Check\040and\040fix\040the\040'Installed\040Applications'\040single\040doctype\040*/
/*\040This\040table\040usually\040stores\040a\040JSON\040list\040in\040the\040'installed_applications'\040field\040*/
SELECT\040value\040FROM\040`tabSingles`\040WHERE\040doctype='Installed\040Applications'\040AND\040field='installed_applications';
/*\040If\040the\040apps\040are\040in\040that\040JSON,\040update\040it\040to\040an\040empty\040list\040or\040valid\040apps\040(e.g.,\040'["frappe",\040"erpnext"]')\040*/
UPDATE\040`tabSingles`\040
SET\040value\040=\040'["frappe",\040"erpnext",\040"payments",\040"hrms"]'\040
WHERE\040doctype='Installed\040Applications'\040AND\040field='installed_applications';
UPDATE\040`tabSingles`\040\040SET\040value\040=\040'["frappe",\040"erpnext",\040"payments",\040"hrms"]'\040\040WHERE\040doctype='Installed\040Applications'\040AND\040field='installed_applications';
/*\0403.\040Ensure\040they\040aren't\040in\040the\040global\040defaults\040*/
DELETE\040FROM\040`tabDefaultValue`\040WHERE\040defkey='installed_apps';
COMMIT;
EXIT;
/*\0401.\040Delete\040the\040app\040from\040the\040installed\040apps\040table\040*/
DELETE\040FROM\040`tabInstalled\040Application`\040WHERE\040name\040IN\040('erpnext_telegram_integration',\040'law_management');
/*\0402.\040Fix\040the\040Single\040DocType\040'Installed\040Applications'\040*/
/*\040This\040stores\040a\040JSON\040list\040of\040apps.\040We\040need\040to\040reset\040it\040to\040only\040the\040apps\040you\040actually\040have.\040*/
UPDATE\040`tabSingles`\040
SET\040value\040=\040'["frappe",\040"erpnext",\040"payments",\040"hrms"]'\040
WHERE\040doctype='Installed\040Applications'\040AND\040field='installed_applications';
UPDATE\040`tabSingles`\040\040SET\040value\040=\040'["frappe",\040"erpnext",\040"payments",\040"hrms"]'\040\040WHERE\040doctype='Installed\040Applications'\040AND\040field='installed_applications';
/*\0403.\040Remove\040from\040global\040defaults\040just\040in\040case\040*/
DELETE\040FROM\040`tabDefaultValue`\040WHERE\040defkey='installed_apps';
COMMIT;
EXIT;
/*\0401.\040Disable\040safe\040updates\040for\040this\040session\040*/
SET\040SQL_SAFE_UPDATES\040=\0400;
/*\0402.\040Find\040where\040the\040app\040is\040mentioned\040(Search)\040*/
SELECT\040doctype,\040field,\040value\040FROM\040`tabSingles`\040WHERE\040value\040LIKE\040'%law_management%';
/*\0403.\040If\040Step\0402\040returns\040a\040row\040for\040"Installed\040Applications",\040update\040it\040like\040this:\040*/
UPDATE\040`tabSingles`\040
SET\040value\040=\040'["frappe",\040"erpnext",\040"payments",\040"hrms"]'\040
WHERE\040doctype='Installed\040Applications';
UPDATE\040`tabSingles`\040\040SET\040value\040=\040'["frappe",\040"erpnext",\040"payments",\040"hrms"]'\040\040WHERE\040doctype='Installed\040Applications';
/*\0404.\040Force\040delete\040from\040global\040defaults\040(This\040usually\040causes\040the\040boot\040loop)\040*/
DELETE\040FROM\040`tabDefaultValue`\040WHERE\040defkey='installed_apps';
/*\0405.\040Check\040the\040'tabSessions'\040table\040just\040in\040case\040it's\040cached\040in\040a\040system\040setting\040*/
DELETE\040FROM\040`tabDefaultValue`\040WHERE\040value\040LIKE\040'%law_management%';
SET\040SQL_SAFE_UPDATES\040=\0401;
COMMIT;
EXIT;
SET\040SQL_SAFE_UPDATES\040=\0400;
/*\040Check\040for\040any\040remaining\040references\040in\040Default\040Values\040with\040correct\040column\040name\040*/
DELETE\040FROM\040`tabDefaultValue`\040WHERE\040defvalue\040LIKE\040'%law_management%'\040OR\040defvalue\040LIKE\040'%erpnext_telegram_integration%';
/*\040Just\040in\040case,\040clear\040the\040'Modules\040Setup'\040if\040they\040were\040registered\040as\040modules\040*/
DELETE\040FROM\040`tabModule\040Def`\040WHERE\040name\040IN\040('Law\040Management',\040'Erpnext\040Telegram\040Integration');
SET\040SQL_SAFE_UPDATES\040=\0401;
COMMIT;
EXIT;
SET\040SQL_SAFE_UPDATES\040=\0400;
/*\0401.\040First,\040delete\040all\040rows\040for\040this\040DocType\040to\040start\040clean\040*/
DELETE\040FROM\040`tabSingles`\040WHERE\040doctype\040=\040'Installed\040Applications';
/*\0402.\040Insert\040only\040the\040correct\040rows\040with\040correct\040values\040*/
INSERT\040INTO\040`tabSingles`\040(doctype,\040field,\040value)\040VALUES\040
('Installed\040Applications',\040'installed_applications',\040'["frappe",\040"erpnext",\040"payments",\040"hrms"]'),
('Installed\040Applications',\040'docstatus',\040'0'),
('Installed\040Applications',\040'idx',\040'0');
INSERT\040INTO\040`tabSingles`\040(doctype,\040field,\040value)\040VALUES\040\040('Installed\040Applications',\040'installed_applications',\040'["frappe",\040"erpnext",\040"payments",\040"hrms"]'),\040('Installed\040Applications',\040'docstatus',\040'0'),\040('Installed\040Applications',\040'idx',\040'0');
SET\040SQL_SAFE_UPDATES\040=\0401;
COMMIT;
EXIT;
SET\040SQL_SAFE_UPDATES\040=\0400;
/*\040Clear\040the\040broken\040state\040*/
DELETE\040FROM\040`tabSingles`\040WHERE\040doctype\040=\040'Installed\040Applications';
/*\040Re-insert\040the\040core\040system\040requirements\040*/
INSERT\040INTO\040`tabSingles`\040(doctype,\040field,\040value)\040VALUES\040
('Installed\040Applications',\040'installed_applications',\040'["frappe",\040"erpnext",\040"payments",\040"hrms"]'),
('Installed\040Applications',\040'docstatus',\040'0'),
('Installed\040Applications',\040'idx',\040'0'),
('Installed\040Applications',\040'owner',\040'Administrator');
INSERT\040INTO\040`tabSingles`\040(doctype,\040field,\040value)\040VALUES\040\040('Installed\040Applications',\040'installed_applications',\040'["frappe",\040"erpnext",\040"payments",\040"hrms"]'),\040('Installed\040Applications',\040'docstatus',\040'0'),\040('Installed\040Applications',\040'idx',\040'0'),\040('Installed\040Applications',\040'owner',\040'Administrator');
/*\040CRITICAL:\040Ensure\040the\040individual\040app\040records\040exist\040in\040the\040child\040table\040format\040if\040your\040version\040uses\040it\040*/
DELETE\040FROM\040`tabInstalled\040Application`\040WHERE\040name\040IN\040('frappe',\040'erpnext',\040'payments',\040'hrms');
INSERT\040INTO\040`tabInstalled\040Application`\040(name,\040app_name,\040app_version,\040idx,\040docstatus)\040VALUES\040
('frappe',\040'frappe',\040'15.0.0',\0401,\0400),
('erpnext',\040'erpnext',\040'15.0.0',\0402,\0400),
('payments',\040'payments',\040'15.0.0',\0403,\0400),
('hrms',\040'hrms',\040'15.0.0',\0404,\0400);
INSERT\040INTO\040`tabInstalled\040Application`\040(name,\040app_name,\040app_version,\040idx,\040docstatus)\040VALUES\040\040('frappe',\040'frappe',\040'15.0.0',\0401,\0400),\040('erpnext',\040'erpnext',\040'15.0.0',\0402,\0400),\040('payments',\040'payments',\040'15.0.0',\0403,\0400),\040('hrms',\040'hrms',\040'15.0.0',\0404,\0400);
SET\040SQL_SAFE_UPDATES\040=\0401;
COMMIT;
EXIT;
UPDATE\040`tabDefaultValue`\040SET\040`defvalue`\040=\040'0'\040WHERE\040`defkey`\040=\040'desktop:setup_complete';
UPDATE\040`tabSingles`\040SET\040`value`\040=\040'0'\040WHERE\040`doctype`\040=\040'System\040Settings'\040AND\040`field`\040=\040'setup_complete';
COMMIT;
EXIT;
UPDATE\040`tabSingles`\040SET\040`value`\040=\040'1'\040WHERE\040`doctype`\040=\040'System\040Settings'\040AND\040`field`\040=\040'setup_complete';
REPLACE\040INTO\040`tabDefaultValue`\040(`defkey`,\040`defvalue`)\040VALUES\040('desktop:setup_complete',\040'1');
UPDATE\040`tabSingles`\040SET\040`value`\040=\040'1'\040WHERE\040`doctype`\040=\040'System\040Settings'\040AND\040`field`\040=\040'setup_complete';
REPLACE\040INTO\040`tabDefaultValue`\040(`defkey`,\040`defvalue`)\040VALUES\040('desktop:setup_complete',\040'1');
--\040Fix\040System\040Settings
UPDATE\040`tabSingles`\040
SET\040`value`\040=\040'1'\040
WHERE\040`doctype`\040=\040'System\040Settings'\040AND\040`field`\040=\040'setup_complete';
UPDATE\040`tabSingles`\040\040SET\040`value`\040=\040'1'\040\040WHERE\040`doctype`\040=\040'System\040Settings'\040AND\040`field`\040=\040'setup_complete';
--\040Safely\040insert\040or\040update\040the\040Default\040Value\040with\040a\040proper\040Name/ID
INSERT\040INTO\040`tabDefaultValue`\040(`name`,\040`defkey`,\040`defvalue`)\040
VALUES\040(UUID(),\040'desktop:setup_complete',\040'1')\040
ON\040DUPLICATE\040KEY\040UPDATE\040`defvalue`\040=\040'1';
INSERT\040INTO\040`tabDefaultValue`\040(`name`,\040`defkey`,\040`defvalue`)\040\040VALUES\040(UUID(),\040'desktop:setup_complete',\040'1')\040\040ON\040DUPLICATE\040KEY\040UPDATE\040`defvalue`\040=\040'1';
COMMIT;
EXIT;
