2026-05-07 17:58:52,489 WARNING database DDL Query made to DB:
ALTER TABLE `tabPrint Heading` DROP INDEX `print_heading`
2026-05-07 17:58:52,950 WARNING database DDL Query made to DB:
ALTER TABLE `tabPrint Heading` ADD UNIQUE INDEX IF NOT EXISTS print_heading (`print_heading`)
2026-05-07 17:58:53,504 WARNING database DDL Query made to DB:
ALTER TABLE `tabProduct Feature` MODIFY `price` decimal(21,9) not null default 0
2026-05-08 10:22:06,101 WARNING database DDL Query made to DB:
create table `tabOffer Item` (
			name varchar(140) primary key,
			creation datetime(6),
			modified datetime(6),
			modified_by varchar(140),
			owner varchar(140),
			docstatus int(1) not null default '0',
			idx int(8) not null default '0',
			parent varchar(140),
parentfield varchar(140),
parenttype varchar(140),
index parent(parent))
			ENGINE=InnoDB
			ROW_FORMAT=DYNAMIC
			CHARACTER SET=utf8mb4
			COLLATE=utf8mb4_unicode_ci
2026-05-08 10:28:19,188 WARNING database DDL Query made to DB:
ALTER TABLE `tabOffer Item` ADD COLUMN `feature_name` varchar(140), ADD COLUMN `description` text, ADD COLUMN `is_standard` int(1) not null default 0, ADD COLUMN `qty` int(11) not null default 1, ADD COLUMN `rate` decimal(21,9) not null default 0, ADD COLUMN `amount` decimal(21,9) not null default 0
2026-05-08 10:28:45,848 WARNING database DDL Query made to DB:
create table `tabFinhub Offer` (
			name varchar(140) primary key,
			creation datetime(6),
			modified datetime(6),
			modified_by varchar(140),
			owner varchar(140),
			docstatus int(1) not null default '0',
			idx int(8) not null default '0',
			`customer` varchar(140),
`transaction_date` date,
`product` varchar(140),
`vertical` varchar(140),
`status` varchar(140) default 'Draft',
`total_amount` decimal(21,9) not null default 0,
`amended_from` varchar(140),
`_user_tags` text,
`_comments` text,
`_assign` text,
`_liked_by` text,
index `amended_from`(`amended_from`),
index modified(modified))
			ENGINE=InnoDB
			ROW_FORMAT=DYNAMIC
			CHARACTER SET=utf8mb4
			COLLATE=utf8mb4_unicode_ci
2026-05-08 11:23:16,070 WARNING database DDL Query made to DB:
alter table `tabDocType` add column if not exists migration_hash varchar(140)
2026-05-08 11:23:16,604 WARNING database DDL Query made to DB:
ALTER TABLE `tabPrint Heading` DROP INDEX `print_heading`
2026-05-08 11:23:17,119 WARNING database DDL Query made to DB:
ALTER TABLE `tabPrint Heading` ADD UNIQUE INDEX IF NOT EXISTS print_heading (`print_heading`)
2026-05-08 11:23:17,769 WARNING database DDL Query made to DB:
ALTER TABLE `tabOffer Item` MODIFY `rate` decimal(21,9) not null default 0, MODIFY `amount` decimal(21,9) not null default 0
2026-05-08 11:23:17,837 WARNING database DDL Query made to DB:
ALTER TABLE `tabFinhub Offer` MODIFY `total_amount` decimal(21,9) not null default 0
2026-05-08 12:55:35,638 WARNING database DDL Query made to DB:
alter table `tabDocType` add column if not exists migration_hash varchar(140)
2026-05-08 12:55:36,207 WARNING database DDL Query made to DB:
ALTER TABLE `tabPrint Heading` DROP INDEX `print_heading`
2026-05-08 12:55:36,731 WARNING database DDL Query made to DB:
ALTER TABLE `tabPrint Heading` ADD UNIQUE INDEX IF NOT EXISTS print_heading (`print_heading`)
2026-05-08 14:15:43,462 WARNING database DDL Query made to DB:
create table `tabFinhub Pricing Rule` (
			name varchar(140) primary key,
			creation datetime(6),
			modified datetime(6),
			modified_by varchar(140),
			owner varchar(140),
			docstatus int(1) not null default '0',
			idx int(8) not null default '0',
			`title` varchar(140),
`apply_on` varchar(140),
`is_active` int(1) not null default 1,
`product` varchar(140),
`vertical` varchar(140),
`discount_percentage` decimal(21,9) not null default 0,
`priority` int(11) not null default 0,
`_user_tags` text,
`_comments` text,
`_assign` text,
`_liked_by` text,
index modified(modified))
			ENGINE=InnoDB
			ROW_FORMAT=DYNAMIC
			CHARACTER SET=utf8mb4
			COLLATE=utf8mb4_unicode_ci
2026-05-08 15:21:21,184 WARNING database DDL Query made to DB:
ALTER TABLE `tabFinhub Pricing Rule` MODIFY `discount_percentage` decimal(21,9) not null default 0
2026-05-08 15:22:25,875 WARNING database DDL Query made to DB:
ALTER TABLE `tabFinhub Pricing Rule` MODIFY `discount_percentage` decimal(21,9) not null default 0
2026-05-08 15:22:42,841 WARNING database DDL Query made to DB:
alter table `tabDocType` add column if not exists migration_hash varchar(140)
2026-05-08 15:22:43,472 WARNING database DDL Query made to DB:
ALTER TABLE `tabPrint Heading` DROP INDEX `print_heading`
2026-05-08 15:22:44,117 WARNING database DDL Query made to DB:
ALTER TABLE `tabPrint Heading` ADD UNIQUE INDEX IF NOT EXISTS print_heading (`print_heading`)
2026-05-08 15:24:40,308 WARNING database DDL Query made to DB:
ALTER TABLE `tabFinhub Pricing Rule` MODIFY `discount_percentage` decimal(21,9) not null default 0
2026-05-08 15:28:05,456 WARNING database DDL Query made to DB:
ALTER TABLE `tabFinhub Pricing Rule` MODIFY `discount_percentage` decimal(21,9) not null default 0, ADD UNIQUE INDEX IF NOT EXISTS title (`title`)
2026-05-08 15:28:43,776 WARNING database DDL Query made to DB:
ALTER TABLE `tabFinhub Pricing Rule` MODIFY `discount_percentage` decimal(21,9) not null default 0
2026-05-11 12:12:19,097 WARNING database DDL Query made to DB:
ALTER TABLE `tabFinhub Offer` ADD COLUMN `territory` varchar(140), ADD COLUMN `customer_group` varchar(140)
2026-05-11 12:12:19,104 WARNING database DDL Query made to DB:
ALTER TABLE `tabFinhub Offer` MODIFY `total_amount` decimal(21,9) not null default 0
2026-05-11 13:50:14,306 WARNING database DDL Query made to DB:
alter table `tabDocType` add column if not exists migration_hash varchar(140)
2026-05-11 13:50:14,993 WARNING database DDL Query made to DB:
ALTER TABLE `tabPrint Heading` DROP INDEX `print_heading`
2026-05-11 13:50:15,636 WARNING database DDL Query made to DB:
ALTER TABLE `tabPrint Heading` ADD UNIQUE INDEX IF NOT EXISTS print_heading (`print_heading`)
2026-05-11 18:22:18,638 WARNING database DDL Query made to DB:
ALTER TABLE `tabFinhub Offer` ADD COLUMN `currency` varchar(140) default 'USD'
2026-05-11 18:22:18,645 WARNING database DDL Query made to DB:
ALTER TABLE `tabFinhub Offer` MODIFY `total_amount` decimal(21,9) not null default 0
2026-05-11 18:23:56,980 WARNING database DDL Query made to DB:
alter table `tabDocType` add column if not exists migration_hash varchar(140)
2026-05-11 18:23:57,601 WARNING database DDL Query made to DB:
ALTER TABLE `tabPrint Heading` DROP INDEX `print_heading`
2026-05-11 18:23:58,115 WARNING database DDL Query made to DB:
ALTER TABLE `tabPrint Heading` ADD UNIQUE INDEX IF NOT EXISTS print_heading (`print_heading`)
2026-05-11 18:26:46,792 WARNING database DDL Query made to DB:
alter table `tabDocType` add column if not exists migration_hash varchar(140)
2026-05-11 18:26:47,246 WARNING database DDL Query made to DB:
ALTER TABLE `tabPrint Heading` DROP INDEX `print_heading`
2026-05-11 18:26:47,653 WARNING database DDL Query made to DB:
ALTER TABLE `tabPrint Heading` ADD UNIQUE INDEX IF NOT EXISTS print_heading (`print_heading`)
2026-05-11 18:33:27,377 WARNING database DDL Query made to DB:
alter table `tabDocType` add column if not exists migration_hash varchar(140)
2026-05-11 18:33:27,791 WARNING database DDL Query made to DB:
ALTER TABLE `tabPrint Heading` DROP INDEX `print_heading`
2026-05-11 18:33:28,169 WARNING database DDL Query made to DB:
ALTER TABLE `tabPrint Heading` ADD UNIQUE INDEX IF NOT EXISTS print_heading (`print_heading`)
2026-05-11 18:40:59,401 WARNING database DDL Query made to DB:
alter table `tabDocType` add column if not exists migration_hash varchar(140)
2026-05-11 18:41:00,056 WARNING database DDL Query made to DB:
ALTER TABLE `tabPrint Heading` DROP INDEX `print_heading`
2026-05-11 18:41:00,626 WARNING database DDL Query made to DB:
ALTER TABLE `tabPrint Heading` ADD UNIQUE INDEX IF NOT EXISTS print_heading (`print_heading`)
2026-05-11 18:54:57,075 WARNING database DDL Query made to DB:
alter table `tabDocType` add column if not exists migration_hash varchar(140)
2026-05-11 18:54:57,477 WARNING database DDL Query made to DB:
ALTER TABLE `tabPrint Heading` DROP INDEX `print_heading`
2026-05-11 18:54:57,871 WARNING database DDL Query made to DB:
ALTER TABLE `tabPrint Heading` ADD UNIQUE INDEX IF NOT EXISTS print_heading (`print_heading`)
2026-05-11 18:57:35,819 WARNING database DDL Query made to DB:
alter table `tabDocType` add column if not exists migration_hash varchar(140)
2026-05-11 18:57:36,267 WARNING database DDL Query made to DB:
ALTER TABLE `tabPrint Heading` DROP INDEX `print_heading`
2026-05-11 18:57:36,647 WARNING database DDL Query made to DB:
ALTER TABLE `tabPrint Heading` ADD UNIQUE INDEX IF NOT EXISTS print_heading (`print_heading`)
2026-05-11 19:02:06,552 WARNING database DDL Query made to DB:
alter table `tabDocType` add column if not exists migration_hash varchar(140)
2026-05-11 19:02:06,945 WARNING database DDL Query made to DB:
ALTER TABLE `tabPrint Heading` DROP INDEX `print_heading`
2026-05-11 19:02:07,343 WARNING database DDL Query made to DB:
ALTER TABLE `tabPrint Heading` ADD UNIQUE INDEX IF NOT EXISTS print_heading (`print_heading`)
2026-05-11 19:04:12,431 WARNING database DDL Query made to DB:
alter table `tabDocType` add column if not exists migration_hash varchar(140)
2026-05-11 19:04:12,855 WARNING database DDL Query made to DB:
ALTER TABLE `tabPrint Heading` DROP INDEX `print_heading`
2026-05-11 19:04:13,259 WARNING database DDL Query made to DB:
ALTER TABLE `tabPrint Heading` ADD UNIQUE INDEX IF NOT EXISTS print_heading (`print_heading`)
2026-05-11 19:06:45,754 WARNING database DDL Query made to DB:
ALTER TABLE `tabFinhub Offer` MODIFY `total_amount` decimal(21,9) not null default 0
2026-05-11 19:07:23,014 WARNING database DDL Query made to DB:
alter table `tabDocType` add column if not exists migration_hash varchar(140)
2026-05-11 19:07:23,448 WARNING database DDL Query made to DB:
ALTER TABLE `tabPrint Heading` DROP INDEX `print_heading`
2026-05-11 19:07:23,866 WARNING database DDL Query made to DB:
ALTER TABLE `tabPrint Heading` ADD UNIQUE INDEX IF NOT EXISTS print_heading (`print_heading`)
2026-05-11 19:07:24,311 WARNING database DDL Query made to DB:
ALTER TABLE `tabFinhub Offer` MODIFY `total_amount` decimal(21,9) not null default 0
2026-05-12 10:28:06,211 WARNING database DDL Query made to DB:
alter table `tabDocType` add column if not exists migration_hash varchar(140)
2026-05-12 10:28:06,668 WARNING database DDL Query made to DB:
ALTER TABLE `tabPrint Heading` DROP INDEX `print_heading`
2026-05-12 10:28:07,155 WARNING database DDL Query made to DB:
ALTER TABLE `tabPrint Heading` ADD UNIQUE INDEX IF NOT EXISTS print_heading (`print_heading`)
